<?xml version="1.0" encoding="UTF-8"?>
<!-- Generated by org.testng.reporters.JUnitReportReporter -->
<testsuite hostname="DESKTOP-D54JPUJ" failures="0" tests="2" name="test.TestNG_FK" time="184.211" errors="0" timestamp="2022-10-05T19:39:33 IST" skipped="0">
  <testcase classname="test.TestNG_FK" name="verifyUrlPANCardInfo" time="101.227"/>
  <system-out/>
  <testcase classname="test.TestNG_FK" name="verifyUrlPANCardInfo" time="82.984"/>
  <system-out/>
</testsuite> <!-- test.TestNG_FK -->
