<?xml version="1.0" encoding="UTF-8"?>
<!-- Generated by org.testng.reporters.JUnitXMLReporter -->
<testsuite ignored="0" hostname="DESKTOP-D54JPUJ" failures="0" tests="1" name="Test-FK" time="94.2" errors="0" timestamp="2022-10-05T18:48:55 IST">
  <testcase classname="test.TestNG_FK" name="verifyUrlPANCardInfo" time="6.717"/>
</testsuite> <!-- Test-FK -->
